<?xml version="1.0" encoding="UTF-8"?>
<robot generator="Robot 3.1.2 (Python 3.8.0 on win32)" generated="20191027 16:26:27.486" rpa="false">
<suite id="s1" name="Testscripts" source="C:\Users\TEST\Desktop\robot-framework-workshop\robot-framework-workshop-day1\testscripts">
<suite id="s1-s1" name="Demo Dialog" source="C:\Users\TEST\Desktop\robot-framework-workshop\robot-framework-workshop-day1\testscripts\demo_dialog.robot">
<test id="s1-s1-t1" name="SHOW DIALOG">
<kw name="Log" library="BuiltIn">
<doc>Logs the given message with the given level.</doc>
<arguments>
<arg>STARTING</arg>
</arguments>
<msg timestamp="20191027 16:26:27.556" level="INFO">STARTING</msg>
<status status="PASS" starttime="20191027 16:26:27.556" endtime="20191027 16:26:27.556"></status>
</kw>
<kw name="Pause Execution" library="Dialogs">
<doc>Pauses test execution until user clicks ``Ok`` button.</doc>
<arguments>
<arg>Waiting for seeing an error</arg>
</arguments>
<status status="PASS" starttime="20191027 16:26:27.557" endtime="20191027 16:26:31.766"></status>
</kw>
<kw name="Log" library="BuiltIn">
<doc>Logs the given message with the given level.</doc>
<arguments>
<arg>Continues</arg>
</arguments>
<msg timestamp="20191027 16:26:31.768" level="INFO">Continues</msg>
<status status="PASS" starttime="20191027 16:26:31.767" endtime="20191027 16:26:31.768"></status>
</kw>
<status status="PASS" starttime="20191027 16:26:27.552" endtime="20191027 16:26:31.769" critical="yes"></status>
</test>
<status status="PASS" starttime="20191027 16:26:27.513" endtime="20191027 16:26:31.771"></status>
</suite>
<status status="PASS" starttime="20191027 16:26:27.487" endtime="20191027 16:26:31.776"></status>
</suite>
<statistics>
<total>
<stat pass="1" fail="0">Critical Tests</stat>
<stat pass="1" fail="0">All Tests</stat>
</total>
<tag>
</tag>
<suite>
<stat pass="1" fail="0" id="s1" name="Testscripts">Testscripts</stat>
<stat pass="1" fail="0" id="s1-s1" name="Demo Dialog">Testscripts.Demo Dialog</stat>
</suite>
</statistics>
<errors>
</errors>
</robot>
